0 info it worked if it ends with ok
1 verbose cli [ 'node', '/usr/local/bin/npm', 'remove', '-g', 'appium' ]
2 info using npm@1.4.9
3 info using node@v0.10.28
4 info /usr/local/lib/node_modules/appium unbuild
5 info preuninstall appium@1.0.0
6 info uninstall appium@1.0.0
7 verbose true,/usr/local/lib/node_modules,/usr/local/lib/node_modules unbuild appium@1.0.0
8 verbose /usr/local/bin,[object Object] binRoot
9 error Error: EACCES, unlink '/usr/local/bin/appium'
9 error  { [Error: EACCES, unlink '/usr/local/bin/appium'] errno: 3, code: 'EACCES', path: '/usr/local/bin/appium' }
10 error Please try running this command again as root/Administrator.
11 error System Darwin 13.1.0
12 error command "node" "/usr/local/bin/npm" "remove" "-g" "appium"
13 error cwd /Users/ASL/tumitfahrer-ios
14 error node -v v0.10.28
15 error npm -v 1.4.9
16 error path /usr/local/bin/appium
17 error code EACCES
18 error errno 3
19 error stack Error: EACCES, unlink '/usr/local/bin/appium'
20 verbose exit [ 3, true ]
